Arguments: 
  /Users/wakuwaku/.nvm/versions/node/v8.9.0/bin/node /Users/wakuwaku/.nvm/versions/node/v8.9.0/bin/yarn add express

PATH: 
  //bin:/Users/wakuwaku/.rbenv/bin:/Users/wakuwaku/.nvm/versions/node/v8.9.0/bin:/usr/local/heroku/bin:/Users/wakuwaku/.pyenv/shims:/Users/wakuwaku/.cargo/bin://Users/wakuwaku/apache-ant-1.9.7/bin:/Users/wakuwaku/.pyenv/versions/anaconda3-5.0.1/bin/:/Users/wakuwaku/.pyenv/bin:/usr/local/mecab/bin:/Users/wakuwaku/.yarn/bin:/usr/local/sbin:/usr/local/bin:/usr/bin:/bin:/usr/sbin:/sbin:/opt/ImageMagick/bin:/Applications/MAMP/Library/bin:/Applications/MAMP/bin/php/php7.0.20/bin:/Users/wakuwaku/phalcon-tools:/Users/wakuwaku/webroot/rust_files/rust-samples/target/debug/:/Users/wakuwaku/.rbenv/versions/2.5.0/bin:/usr/local/Cellar/mongodb/3.6.0/bin:/Users/wakuwaku/go_files/bin:/Users/wakuwaku/Library/Android/sdk/platform-tools:/Users/wakuwaku/Library/Android/sdk/tools

Yarn version: 
  1.3.2

Node version: 
  8.9.0

Platform: 
  darwin x64

npm manifest: 
  {
    "name": "nuxt-ssr",
    "version": "1.0.0",
    "description": "Nuxt.js project",
    "author": "wakuwaku <street.change.97@gmail.com>",
    "private": true,
    "scripts": {
      "dev": "backpack dev",
      "dev-nuxt": "nuxt",
      "build": "nuxt build && backpack build",
      "build-nuxt": "nuxt build",
      "start": "cross-env NODE_ENV=production node build/main.js",
      "start-nuxt": "nuxt start",
      "heroku-postbuild": "npm run build",
      "generate": "nuxt generate",
      "lint": "eslint --ext .js,.vue --ignore-path .gitignore .",
      "precommit": "npm run lint"
    },
    "dependencies": {
      "@nuxtjs/pwa": "^2.0.4",
      "axios": "^0.17.1",
      "bcrypt-nodejs": "0.0.3",
      "cookie-parser": "^1.4.3",
      "cross-env": "^5.1.1",
      "express": "^4.16.2",
      "express-session": "^1.15.6",
      "helmet": "^3.9.0",
      "method-override": "^2.3.10",
      "moment": "^2.19.4",
      "mongodb": "^2.2.5",
      "mongoose": "^4.13.7",
      "morgan": "^1.9.0",
      "node-uuid": "^1.4.8",
      "nuxt": "^1.0.0-rc11",
      "underscore": "^1.8.3"
    },
    "devDependencies": {
      "babel-eslint": "^7.2.3",
      "backpack-core": "^0.4.3",
      "eslint": "^4.3.0",
      "eslint-config-standard": "^10.2.1",
      "eslint-loader": "^1.9.0",
      "eslint-plugin-html": "^3.1.1",
      "eslint-plugin-import": "^2.7.0",
      "eslint-plugin-node": "^5.1.1",
      "eslint-plugin-promise": "^3.5.0",
      "eslint-plugin-standard": "^3.0.1",
      "node-sass": "^4.7.2",
      "sass-loader": "^6.0.6"
    }
  }

yarn manifest: 
  No manifest

Lockfile: 
  No lockfile

Trace: 
  Error: https://registry.npmjs.org/@nuxtjs%2fpwa: tunneling socket could not be established, cause=socket hang up
      at ClientRequest.onError (/Users/wakuwaku/.nvm/versions/node/v8.9.0/lib/node_modules/yarn/lib/cli.js:137335:17)
      at Object.onceWrapper (events.js:315:30)
      at emitOne (events.js:116:13)
      at ClientRequest.emit (events.js:211:7)
      at TLSSocket.socketErrorListener (_http_client.js:387:9)
      at emitOne (events.js:116:13)
      at TLSSocket.emit (events.js:211:7)
      at emitErrorNT (internal/streams/destroy.js:64:8)
      at _combinedTickCallback (internal/process/next_tick.js:138:11)
      at process._tickCallback (internal/process/next_tick.js:180:9)
